<?xml version="1.0" encoding="UTF-8"?>
<testng-results ignored="0" total="5" passed="5" failed="0" skipped="0">
  <reporter-output>
  </reporter-output>
  <suite started-at="2025-08-08T16:15:36 IST" name="Default suite" finished-at="2025-08-08T16:16:35 IST" duration-ms="58767">
    <groups>
    </groups>
    <test started-at="2025-08-08T16:15:36 IST" name="Default test" finished-at="2025-08-08T16:16:35 IST" duration-ms="58767">
      <class name="VE3Project.VE3.SwagLabsTest">
        <test-method is-config="true" signature="initReport()[pri:0, instance:VE3Project.VE3.SwagLabsTest@57a78e3]" started-at="2025-08-08T16:15:35 IST" name="initReport" finished-at="2025-08-08T16:15:36 IST" duration-ms="932" status="PASS">
          <reporter-output>
          </reporter-output>
        </test-method> <!-- initReport -->
        <test-method is-config="true" signature="setup()[pri:0, instance:VE3Project.VE3.SwagLabsTest@57a78e3]" started-at="2025-08-08T16:15:39 IST" name="setup" finished-at="2025-08-08T16:15:46 IST" duration-ms="7357" status="PASS">
          <reporter-output>
          </reporter-output>
        </test-method> <!-- setup -->
        <test-method signature="homepageLoadVerification(java.lang.String,java.lang.String)[pri:1, instance:VE3Project.VE3.SwagLabsTest@57a78e3]" started-at="2025-08-08T16:15:46 IST" name="homepageLoadVerification" data-provider="loginData" finished-at="2025-08-08T16:15:52 IST" duration-ms="5236" status="PASS">
          <params>
            <param index="0">
              <value>
                <![CDATA[standard_user]]>
              </value>
            </param>
            <param index="1">
              <value>
                <![CDATA[secret_sauce]]>
              </value>
            </param>
          </params>
          <reporter-output>
          </reporter-output>
        </test-method> <!-- homepageLoadVerification -->
        <test-method is-config="true" signature="tearDown(org.testng.ITestResult)[pri:0, instance:VE3Project.VE3.SwagLabsTest@57a78e3]" started-at="2025-08-08T16:15:52 IST" name="tearDown" finished-at="2025-08-08T16:15:53 IST" duration-ms="860" status="PASS">
          <params>
            <param index="0">
              <value>
                <![CDATA[[TestResult name=homepageLoadVerification status=SUCCESS method=SwagLabsTest.homepageLoadVerification(java.lang.String,java.lang.String)[pri:1, instance:VE3Project.VE3.SwagLabsTest@57a78e3] output={null}]]]>
              </value>
            </param>
          </params>
          <reporter-output>
          </reporter-output>
        </test-method> <!-- tearDown -->
        <test-method is-config="true" signature="setup()[pri:0, instance:VE3Project.VE3.SwagLabsTest@57a78e3]" started-at="2025-08-08T16:15:53 IST" name="setup" finished-at="2025-08-08T16:15:59 IST" duration-ms="6142" status="PASS">
          <reporter-output>
          </reporter-output>
        </test-method> <!-- setup -->
        <test-method signature="homepageLoadVerification(java.lang.String,java.lang.String)[pri:1, instance:VE3Project.VE3.SwagLabsTest@57a78e3]" started-at="2025-08-08T16:15:59 IST" name="homepageLoadVerification" data-provider="loginData" finished-at="2025-08-08T16:16:02 IST" duration-ms="2807" status="PASS">
          <params>
            <param index="0">
              <value>
                <![CDATA[problem_user]]>
              </value>
            </param>
            <param index="1">
              <value>
                <![CDATA[secret_sauce]]>
              </value>
            </param>
          </params>
          <reporter-output>
          </reporter-output>
        </test-method> <!-- homepageLoadVerification -->
        <test-method is-config="true" signature="tearDown(org.testng.ITestResult)[pri:0, instance:VE3Project.VE3.SwagLabsTest@57a78e3]" started-at="2025-08-08T16:16:02 IST" name="tearDown" finished-at="2025-08-08T16:16:03 IST" duration-ms="1285" status="PASS">
          <params>
            <param index="0">
              <value>
                <![CDATA[[TestResult name=homepageLoadVerification status=SUCCESS method=SwagLabsTest.homepageLoadVerification(java.lang.String,java.lang.String)[pri:1, instance:VE3Project.VE3.SwagLabsTest@57a78e3] output={null}]]]>
              </value>
            </param>
          </params>
          <reporter-output>
          </reporter-output>
        </test-method> <!-- tearDown -->
        <test-method is-config="true" signature="setup()[pri:0, instance:VE3Project.VE3.SwagLabsTest@57a78e3]" started-at="2025-08-08T16:16:03 IST" name="setup" finished-at="2025-08-08T16:16:08 IST" duration-ms="5524" status="PASS">
          <reporter-output>
          </reporter-output>
        </test-method> <!-- setup -->
        <test-method signature="productFilteringLowToHigh()[pri:2, instance:VE3Project.VE3.SwagLabsTest@57a78e3]" started-at="2025-08-08T16:16:08 IST" name="productFilteringLowToHigh" finished-at="2025-08-08T16:16:12 IST" duration-ms="3184" status="PASS">
          <reporter-output>
          </reporter-output>
        </test-method> <!-- productFilteringLowToHigh -->
        <test-method is-config="true" signature="tearDown(org.testng.ITestResult)[pri:0, instance:VE3Project.VE3.SwagLabsTest@57a78e3]" started-at="2025-08-08T16:16:12 IST" name="tearDown" finished-at="2025-08-08T16:16:13 IST" duration-ms="994" status="PASS">
          <params>
            <param index="0">
              <value>
                <![CDATA[[TestResult name=productFilteringLowToHigh status=SUCCESS method=SwagLabsTest.productFilteringLowToHigh()[pri:2, instance:VE3Project.VE3.SwagLabsTest@57a78e3] output={null}]]]>
              </value>
            </param>
          </params>
          <reporter-output>
          </reporter-output>
        </test-method> <!-- tearDown -->
        <test-method is-config="true" signature="setup()[pri:0, instance:VE3Project.VE3.SwagLabsTest@57a78e3]" started-at="2025-08-08T16:16:13 IST" name="setup" finished-at="2025-08-08T16:16:23 IST" duration-ms="10336" status="PASS">
          <reporter-output>
          </reporter-output>
        </test-method> <!-- setup -->
        <test-method signature="cartOperations()[pri:3, instance:VE3Project.VE3.SwagLabsTest@57a78e3]" started-at="2025-08-08T16:16:23 IST" name="cartOperations" finished-at="2025-08-08T16:16:25 IST" duration-ms="1961" status="PASS">
          <reporter-output>
          </reporter-output>
        </test-method> <!-- cartOperations -->
        <test-method is-config="true" signature="tearDown(org.testng.ITestResult)[pri:0, instance:VE3Project.VE3.SwagLabsTest@57a78e3]" started-at="2025-08-08T16:16:25 IST" name="tearDown" finished-at="2025-08-08T16:16:25 IST" duration-ms="446" status="PASS">
          <params>
            <param index="0">
              <value>
                <![CDATA[[TestResult name=cartOperations status=SUCCESS method=SwagLabsTest.cartOperations()[pri:3, instance:VE3Project.VE3.SwagLabsTest@57a78e3] output={null}]]]>
              </value>
            </param>
          </params>
          <reporter-output>
          </reporter-output>
        </test-method> <!-- tearDown -->
        <test-method is-config="true" signature="setup()[pri:0, instance:VE3Project.VE3.SwagLabsTest@57a78e3]" started-at="2025-08-08T16:16:25 IST" name="setup" finished-at="2025-08-08T16:16:31 IST" duration-ms="5952" status="PASS">
          <reporter-output>
          </reporter-output>
        </test-method> <!-- setup -->
        <test-method signature="checkoutProcess()[pri:4, instance:VE3Project.VE3.SwagLabsTest@57a78e3]" started-at="2025-08-08T16:16:31 IST" name="checkoutProcess" finished-at="2025-08-08T16:16:35 IST" duration-ms="3374" status="PASS">
          <reporter-output>
          </reporter-output>
        </test-method> <!-- checkoutProcess -->
        <test-method is-config="true" signature="tearDown(org.testng.ITestResult)[pri:0, instance:VE3Project.VE3.SwagLabsTest@57a78e3]" started-at="2025-08-08T16:16:35 IST" name="tearDown" finished-at="2025-08-08T16:16:35 IST" duration-ms="569" status="PASS">
          <params>
            <param index="0">
              <value>
                <![CDATA[[TestResult name=checkoutProcess status=SUCCESS method=SwagLabsTest.checkoutProcess()[pri:4, instance:VE3Project.VE3.SwagLabsTest@57a78e3] output={null}]]]>
              </value>
            </param>
          </params>
          <reporter-output>
          </reporter-output>
        </test-method> <!-- tearDown -->
        <test-method is-config="true" signature="flushReport()[pri:0, instance:VE3Project.VE3.SwagLabsTest@57a78e3]" started-at="2025-08-08T16:16:35 IST" name="flushReport" finished-at="2025-08-08T16:16:36 IST" duration-ms="1189" status="PASS">
          <reporter-output>
          </reporter-output>
        </test-method> <!-- flushReport -->
      </class> <!-- VE3Project.VE3.SwagLabsTest -->
    </test> <!-- Default test -->
  </suite> <!-- Default suite -->
</testng-results>
