<?xml version="1.0" encoding="UTF-8"?>
<!-- Generated by org.testng.reporters.JUnitXMLReporter -->
<testsuite ignored="0" hostname="PN1LADTPG02AAJM" failures="0" tests="5" name="Default test" time="58.767" errors="0" timestamp="2025-08-08T16:16:35 IST">
  <testcase classname="VE3Project.VE3.SwagLabsTest" name="homepageLoadVerification" time="5.236"/>
  <testcase classname="VE3Project.VE3.SwagLabsTest" name="homepageLoadVerification" time="2.807"/>
  <testcase classname="VE3Project.VE3.SwagLabsTest" name="productFilteringLowToHigh" time="3.184"/>
  <testcase classname="VE3Project.VE3.SwagLabsTest" name="cartOperations" time="1.961"/>
  <testcase classname="VE3Project.VE3.SwagLabsTest" name="checkoutProcess" time="3.374"/>
</testsuite> <!-- Default test -->
